Running: C:\Xilinx\14.7\ISE_DS\ISE\bin\nt64\unwrapped\fuse.exe -intstyle ise -incremental -lib unisims_ver -lib unimacro_ver -lib xilinxcorelib_ver -o D:/synthesis codes/multiplier/tb_vedic3bit_isim_beh.exe -prj D:/synthesis codes/multiplier/tb_vedic3bit_beh.prj work.tb_vedic3bit work.glbl 
ISim P.20131013 (signature 0x7708f090)
Number of CPUs detected in this system: 4
Turning on mult-threading, number of parallel sub-compilation jobs: 8 
Determining compilation order of HDL files
Analyzing Verilog file "D:/synthesis codes/multiplier/adder3bit.v" into library work
Analyzing Verilog file "D:/synthesis codes/multiplier/adder2bit.v" into library work
Analyzing Verilog file "D:/synthesis codes/multiplier/vedic3bit.v" into library work
Analyzing Verilog file "D:/synthesis codes/multiplier/tb_vedic3bit.v" into library work
Analyzing Verilog file "C:/Xilinx/14.7/ISE_DS/ISE//verilog/src/glbl.v" into library work
Starting static elaboration
Completed static elaboration
Compiling module adder2bit
Compiling module adder3bit
Compiling module vedic3bit
Compiling module tb_vedic3bit
Compiling module glbl
Time Resolution for simulation is 1ps.
Compiled 5 Verilog Units
Built simulation executable D:/synthesis codes/multiplier/tb_vedic3bit_isim_beh.exe
Fuse Memory Usage: 27512 KB
Fuse CPU Usage: 358 ms
