Release 14.7 - xst P.20131013 (nt64)
Copyright (c) 1995-2013 Xilinx, Inc.  All rights reserved.
--> Parameter TMPDIR set to xst/projnav.tmp


Total REAL time to Xst completion: 1.00 secs
Total CPU time to Xst completion: 0.22 secs
 
--> Parameter xsthdpdir set to xst


Total REAL time to Xst completion: 1.00 secs
Total CPU time to Xst completion: 0.23 secs
 
--> Reading design: vedic3bit.prj

TABLE OF CONTENTS
  1) Synthesis Options Summary
  2) HDL Compilation
  3) Design Hierarchy Analysis
  4) HDL Analysis
  5) HDL Synthesis
     5.1) HDL Synthesis Report
  6) Advanced HDL Synthesis
     6.1) Advanced HDL Synthesis Report
  7) Low Level Synthesis
  8) Partition Report
  9) Final Report
	9.1) Device utilization summary
	9.2) Partition Resource Summary
	9.3) TIMING REPORT


=========================================================================
*                      Synthesis Options Summary                        *
=========================================================================
---- Source Parameters
Input File Name                    : "vedic3bit.prj"
Input Format                       : mixed
Ignore Synthesis Constraint File   : NO

---- Target Parameters
Output File Name                   : "vedic3bit"
Output Format                      : NGC
Target Device                      : xc3s400-5-pq208

---- Source Options
Top Module Name                    : vedic3bit
Automatic FSM Extraction           : YES
FSM Encoding Algorithm             : Auto
Safe Implementation                : No
FSM Style                          : LUT
RAM Extraction                     : Yes
RAM Style                          : Auto
ROM Extraction                     : Yes
Mux Style                          : Auto
Decoder Extraction                 : YES
Priority Encoder Extraction        : Yes
Shift Register Extraction          : YES
Logical Shifter Extraction         : YES
XOR Collapsing                     : YES
ROM Style                          : Auto
Mux Extraction                     : Yes
Resource Sharing                   : YES
Asynchronous To Synchronous        : NO
Multiplier Style                   : Auto
Automatic Register Balancing       : No

---- Target Options
Add IO Buffers                     : YES
Global Maximum Fanout              : 100000
Add Generic Clock Buffer(BUFG)     : 8
Register Duplication               : YES
Slice Packing                      : YES
Optimize Instantiated Primitives   : NO
Use Clock Enable                   : Auto
Use Synchronous Set                : Auto
Use Synchronous Reset              : Auto
Pack IO Registers into IOBs        : Auto
Equivalent register Removal        : YES

---- General Options
Optimization Goal                  : Speed
Optimization Effort                : 1
Keep Hierarchy                     : No
Netlist Hierarchy                  : As_Optimized
RTL Output                         : Yes
Global Optimization                : AllClockNets
Read Cores                         : YES
Write Timing Constraints           : NO
Cross Clock Analysis               : NO
Hierarchy Separator                : /
Bus Delimiter                      : <>
Case Specifier                     : Maintain
Slice Utilization Ratio            : 100
BRAM Utilization Ratio             : 100
Verilog 2001                       : YES
Auto BRAM Packing                  : NO
Slice Utilization Ratio Delta      : 5

=========================================================================


=========================================================================
*                          HDL Compilation                              *
=========================================================================
Compiling verilog file "adder3bit.v" in library work
Compiling verilog file "adder2bit.v" in library work
Module <adder3bit> compiled
Compiling verilog file "vedic3bit.v" in library work
Module <adder2bit> compiled
Module <vedic3bit> compiled
No errors in compilation
Analysis of file <"vedic3bit.prj"> succeeded.
 

=========================================================================
*                     Design Hierarchy Analysis                         *
=========================================================================
Analyzing hierarchy for module <vedic3bit> in library <work>.

Analyzing hierarchy for module <adder2bit> in library <work>.

Analyzing hierarchy for module <adder3bit> in library <work>.


=========================================================================
*                            HDL Analysis                               *
=========================================================================
Analyzing top module <vedic3bit>.
WARNING:Xst:863 - "vedic3bit.v" line 32: Name conflict (<a> and <A>, renaming a as a_rnm0).
WARNING:Xst:863 - "vedic3bit.v" line 32: Name conflict (<b> and <B>, renaming b as b_rnm0).
Module <vedic3bit> is correct for synthesis.
 
Analyzing module <adder2bit> in library <work>.
Module <adder2bit> is correct for synthesis.
 
Analyzing module <adder3bit> in library <work>.
Module <adder3bit> is correct for synthesis.
 

=========================================================================
*                           HDL Synthesis                               *
=========================================================================

Performing bidirectional port resolution...

Synthesizing Unit <adder2bit>.
    Related source file is "adder2bit.v".
    Found 1-bit xor2 for signal <sum>.
Unit <adder2bit> synthesized.


Synthesizing Unit <adder3bit>.
    Related source file is "adder3bit.v".
    Found 1-bit xor3 for signal <sum>.
    Summary:
	inferred   1 Xor(s).
Unit <adder3bit> synthesized.


Synthesizing Unit <vedic3bit>.
    Related source file is "vedic3bit.v".
Unit <vedic3bit> synthesized.


=========================================================================
HDL Synthesis Report

Macro Statistics
# Xors                                                 : 5
 1-bit xor2                                            : 2
 1-bit xor3                                            : 3

=========================================================================

=========================================================================
*                       Advanced HDL Synthesis                          *
=========================================================================


=========================================================================
Advanced HDL Synthesis Report

Macro Statistics
# Xors                                                 : 5
 1-bit xor2                                            : 2
 1-bit xor3                                            : 3

=========================================================================

=========================================================================
*                         Low Level Synthesis                           *
=========================================================================

Optimizing unit <vedic3bit> ...

Mapping all equations...
Building and optimizing final netlist ...
Found area constraint ratio of 100 (+ 5) on block vedic3bit, actual ratio is 0.

Final Macro Processing ...

=========================================================================
Final Register Report

Found no macro
=========================================================================

=========================================================================
*                           Partition Report                            *
=========================================================================

Partition Implementation Status
-------------------------------

  No Partitions were found in this design.

-------------------------------

=========================================================================
*                            Final Report                               *
=========================================================================
Final Results
RTL Top Level Output File Name     : vedic3bit.ngr
Top Level Output File Name         : vedic3bit
Output Format                      : NGC
Optimization Goal                  : Speed
Keep Hierarchy                     : No

Design Statistics
# IOs                              : 12

Cell Usage :
# BELS                             : 18
#      LUT2                        : 1
#      LUT3                        : 1
#      LUT4                        : 11
#      MUXF5                       : 4
#      VCC                         : 1
# IO Buffers                       : 12
#      IBUF                        : 6
#      OBUF                        : 6
=========================================================================

Device utilization summary:
---------------------------

Selected Device : 3s400pq208-5 

 Number of Slices:                        7  out of   3584     0%  
 Number of 4 input LUTs:                 13  out of   7168     0%  
 Number of IOs:                          12
 Number of bonded IOBs:                  12  out of    141     8%  

---------------------------
Partition Resource Summary:
---------------------------

  No Partitions were found in this design.

---------------------------


=========================================================================
TIMING REPORT

NOTE: THESE TIMING NUMBERS ARE ONLY A SYNTHESIS ESTIMATE.
      FOR ACCURATE TIMING INFORMATION PLEASE REFER TO THE TRACE REPORT
      GENERATED AFTER PLACE-and-ROUTE.

Clock Information:
------------------
No clock signals found in this design

Asynchronous Control Signals Information:
----------------------------------------
No asynchronous control signals found in this design

Timing Summary:
---------------
Speed Grade: -5

   Minimum period: No path found
   Minimum input arrival time before clock: No path found
   Maximum output required time after clock: No path found
   Maximum combinational path delay: 9.629ns

Timing Detail:
--------------
All values displayed in nanoseconds (ns)

=========================================================================
Timing constraint: Default path analysis
  Total number of paths / destination ports: 49 / 6
-------------------------------------------------------------------------
Delay:               9.629ns (Levels of Logic = 5)
  Source:            A<0> (PAD)
  Destination:       mul<3> (PAD)

  Data Path: A<0> to mul<3>
                                Gate     Net
    Cell:in->out      fanout   Delay   Delay  Logical Name (Net Name)
    ----------------------------------------  ------------
     IBUF:I->O             7   0.715   1.201  A_0_IBUF (A_0_IBUF)
     LUT4:I0->O            1   0.479   0.851  P3/Mxor_sum_xo<0>20 (P3/Mxor_sum_xo<0>20)
     LUT4:I1->O            1   0.479   0.000  P3/Mxor_sum_xo<0>87_F (N22)
     MUXF5:I0->O           1   0.314   0.681  P3/Mxor_sum_xo<0>87 (mul_3_OBUF)
     OBUF:I->O                 4.909          mul_3_OBUF (mul<3>)
    ----------------------------------------
    Total                      9.629ns (6.896ns logic, 2.733ns route)
                                       (71.6% logic, 28.4% route)

=========================================================================


Total REAL time to Xst completion: 6.00 secs
Total CPU time to Xst completion: 5.28 secs
 
--> 

Total memory usage is 4533996 kilobytes

Number of errors   :    0 (   0 filtered)
Number of warnings :    2 (   0 filtered)
Number of infos    :    0 (   0 filtered)

